
ROM used:   270/8192 (3%)
            270/8192 (3%) including unused fragments

            0.4 Average locations per line
            4.6 Average locations per statement

RAM used:   7/368 (2%) at main() level
            8/368 (2%) worst case

Stack used: 1 worst case (1 in main + 0 for interrupts)
Stack size: 8

Lines Stmts  %   Files
----- ----- ---  -----
   79    59 100  Tarea3.c
  671     0   0  ..\..\..\..\..\Program Files (x86)\PICC\Devices\16f877a.h
----- -----
  750    59 Total

Page ROM  %  RAM   Vol Diff  Functions:
---- --- --- ---   --- ----  ----------
0     20   7    1             @delay_ms1
0    246  91    1  1634  3.9  main
 Inline         0             @cinit1

Program metrics:
    Functions               1
    Statements              59
    Comments                124
    Volume (V)              1640
    Difficulty (D)          3.9
    Effort to implement (E) 6336
    Time to implement (T)   6 minutes
    Est Delivered Bugs (B)  0
    Cyclomatic Complexity   1
    Maintainability (MI)    16

 Segment     Used  Free
-----------  ----  ----
00000-00003     4  0  
00004-007FF   266  1778  
00800-00FFF     0  2048  
01000-017FF     0  2048  
01800-01FFF     0  2048  



