
ROM used:   121/8192 (1%)
            121/8192 (1%) including unused fragments

            0.2 Average locations per line
            5.5 Average locations per statement

RAM used:   6/368 (2%) at main() level
            7/368 (2%) worst case

Stack used: 1 worst case (1 in main + 0 for interrupts)
Stack size: 8

Lines Stmts  %   Files
----- ----- ---  -----
   39    22 100  Tarea2.c
  671     0   0  ..\..\..\..\..\Program Files (x86)\PICC\Devices\16f877a.h
----- -----
  710    22 Total

Page ROM  %  RAM   Vol Diff  Functions:
---- --- --- ---   --- ----  ----------
0     20  17    1             @delay_ms1
0     97  80    0   478  1.9  main
 Inline         0             @cinit1

Program metrics:
    Functions               1
    Statements              22
    Comments                123
    Volume (V)              483
    Difficulty (D)          1.8
    Effort to implement (E) 880
    Time to implement (T)   1 minutes
    Est Delivered Bugs (B)  0
    Cyclomatic Complexity   1
    Maintainability (MI)    39

 Segment     Used  Free
-----------  ----  ----
00000-00003     4  0  
00004-007FF   117  1927  
00800-00FFF     0  2048  
01000-017FF     0  2048  
01800-01FFF     0  2048  



